This is pdfTeX, Version 3.14159265-2.6-1.40.16 (TeX Live 2015) (preloaded format=pdflatex 2015.5.24)  16 JUN 2017 10:49
entering extended mode
 restricted \write18 enabled.
 %&-line parsing enabled.
**expwarm_effects_clim_sup.tex
(./expwarm_effects_clim_sup.tex
LaTeX2e <2015/01/01>
Babel <3.9l> and hyphenation patterns for 79 languages loaded.
(/usr/local/texlive/2015/texmf-dist/tex/latex/base/article.cls
Document Class: article 2014/09/29 v1.4h Standard LaTeX document class
(/usr/local/texlive/2015/texmf-dist/tex/latex/base/size10.clo
File: size10.clo 2014/09/29 v1.4h Standard LaTeX file (size option)
)
\c@part=\count79
\c@section=\count80
\c@subsection=\count81
\c@subsubsection=\count82
\c@paragraph=\count83
\c@subparagraph=\count84
\c@figure=\count85
\c@table=\count86
\abovecaptionskip=\skip41
\belowcaptionskip=\skip42
\bibindent=\dimen102
)
(/Library/Frameworks/R.framework/Resources/share/texmf/tex/latex/Sweave.sty
Package: Sweave 

(/usr/local/texlive/2015/texmf-dist/tex/latex/base/ifthen.sty
Package: ifthen 2014/09/29 v1.1c Standard LaTeX ifthen package (DPC)
)
(/usr/local/texlive/2015/texmf-dist/tex/latex/graphics/graphicx.sty
Package: graphicx 2014/10/28 v1.0g Enhanced LaTeX Graphics (DPC,SPQR)

(/usr/local/texlive/2015/texmf-dist/tex/latex/graphics/keyval.sty
Package: keyval 2014/10/28 v1.15 key=value parser (DPC)
\KV@toks@=\toks14
)
(/usr/local/texlive/2015/texmf-dist/tex/latex/graphics/graphics.sty
Package: graphics 2014/10/28 v1.0p Standard LaTeX Graphics (DPC,SPQR)

(/usr/local/texlive/2015/texmf-dist/tex/latex/graphics/trig.sty
Package: trig 1999/03/16 v1.09 sin cos tan (DPC)
)
(/usr/local/texlive/2015/texmf-dist/tex/latex/latexconfig/graphics.cfg
File: graphics.cfg 2010/04/23 v1.9 graphics configuration of TeX Live
)
Package graphics Info: Driver file: pdftex.def on input line 94.

(/usr/local/texlive/2015/texmf-dist/tex/latex/pdftex-def/pdftex.def
File: pdftex.def 2011/05/27 v0.06d Graphics/color for pdfTeX

(/usr/local/texlive/2015/texmf-dist/tex/generic/oberdiek/infwarerr.sty
Package: infwarerr 2010/04/08 v1.3 Providing info/warning/error messages (HO)
)
(/usr/local/texlive/2015/texmf-dist/tex/generic/oberdiek/ltxcmds.sty
Package: ltxcmds 2011/11/09 v1.22 LaTeX kernel commands for general use (HO)
)
\Gread@gobject=\count87
))
\Gin@req@height=\dimen103
\Gin@req@width=\dimen104
)
(/Library/Frameworks/R.framework/Resources/share/texmf/tex/latex/fancyvrb.sty
Package: fancyvrb 1998/07/17

Style option: `fancyvrb' v2.6, with DG/SPQR fixes <1998/07/17> (tvz)
\FV@CodeLineNo=\count88
\FV@InFile=\read1
\FV@TabBox=\box26
\c@FancyVerbLine=\count89
\FV@StepNumber=\count90
\FV@OutFile=\write3

No file fancyvrb.cfg.
) (/Library/Frameworks/R.framework/Resources/share/texmf/tex/latex/upquote.sty
Package: upquote 2003/08/11 v1.1 Covington's upright-quote modification to verb
atim and verb

(/usr/local/texlive/2015/texmf-dist/tex/latex/base/textcomp.sty
Package: textcomp 2005/09/27 v1.99g Standard LaTeX package
Package textcomp Info: Sub-encoding information:
(textcomp)               5 = only ISO-Adobe without \textcurrency
(textcomp)               4 = 5 + \texteuro
(textcomp)               3 = 4 + \textohm
(textcomp)               2 = 3 + \textestimated + \textcurrency
(textcomp)               1 = TS1 - \textcircled - \t
(textcomp)               0 = TS1 (full)
(textcomp)             Font families with sub-encoding setting implement
(textcomp)             only a restricted character set as indicated.
(textcomp)             Family '?' is the default used for unknown fonts.
(textcomp)             See the documentation for details.
Package textcomp Info: Setting ? sub-encoding to TS1/1 on input line 79.

(/usr/local/texlive/2015/texmf-dist/tex/latex/base/ts1enc.def
File: ts1enc.def 2001/06/05 v3.0e (jk/car/fm) Standard LaTeX file
)
LaTeX Info: Redefining \oldstylenums on input line 334.
Package textcomp Info: Setting cmr sub-encoding to TS1/0 on input line 349.
Package textcomp Info: Setting cmss sub-encoding to TS1/0 on input line 350.
Package textcomp Info: Setting cmtt sub-encoding to TS1/0 on input line 351.
Package textcomp Info: Setting cmvtt sub-encoding to TS1/0 on input line 352.
Package textcomp Info: Setting cmbr sub-encoding to TS1/0 on input line 353.
Package textcomp Info: Setting cmtl sub-encoding to TS1/0 on input line 354.
Package textcomp Info: Setting ccr sub-encoding to TS1/0 on input line 355.
Package textcomp Info: Setting ptm sub-encoding to TS1/4 on input line 356.
Package textcomp Info: Setting pcr sub-encoding to TS1/4 on input line 357.
Package textcomp Info: Setting phv sub-encoding to TS1/4 on input line 358.
Package textcomp Info: Setting ppl sub-encoding to TS1/3 on input line 359.
Package textcomp Info: Setting pag sub-encoding to TS1/4 on input line 360.
Package textcomp Info: Setting pbk sub-encoding to TS1/4 on input line 361.
Package textcomp Info: Setting pnc sub-encoding to TS1/4 on input line 362.
Package textcomp Info: Setting pzc sub-encoding to TS1/4 on input line 363.
Package textcomp Info: Setting bch sub-encoding to TS1/4 on input line 364.
Package textcomp Info: Setting put sub-encoding to TS1/5 on input line 365.
Package textcomp Info: Setting uag sub-encoding to TS1/5 on input line 366.
Package textcomp Info: Setting ugq sub-encoding to TS1/5 on input line 367.
Package textcomp Info: Setting ul8 sub-encoding to TS1/4 on input line 368.
Package textcomp Info: Setting ul9 sub-encoding to TS1/4 on input line 369.
Package textcomp Info: Setting augie sub-encoding to TS1/5 on input line 370.
Package textcomp Info: Setting dayrom sub-encoding to TS1/3 on input line 371.
Package textcomp Info: Setting dayroms sub-encoding to TS1/3 on input line 372.

Package textcomp Info: Setting pxr sub-encoding to TS1/0 on input line 373.
Package textcomp Info: Setting pxss sub-encoding to TS1/0 on input line 374.
Package textcomp Info: Setting pxtt sub-encoding to TS1/0 on input line 375.
Package textcomp Info: Setting txr sub-encoding to TS1/0 on input line 376.
Package textcomp Info: Setting txss sub-encoding to TS1/0 on input line 377.
Package textcomp Info: Setting txtt sub-encoding to TS1/0 on input line 378.
Package textcomp Info: Setting lmr sub-encoding to TS1/0 on input line 379.
Package textcomp Info: Setting lmdh sub-encoding to TS1/0 on input line 380.
Package textcomp Info: Setting lmss sub-encoding to TS1/0 on input line 381.
Package textcomp Info: Setting lmssq sub-encoding to TS1/0 on input line 382.
Package textcomp Info: Setting lmvtt sub-encoding to TS1/0 on input line 383.
Package textcomp Info: Setting lmtt sub-encoding to TS1/0 on input line 384.
Package textcomp Info: Setting qhv sub-encoding to TS1/0 on input line 385.
Package textcomp Info: Setting qag sub-encoding to TS1/0 on input line 386.
Package textcomp Info: Setting qbk sub-encoding to TS1/0 on input line 387.
Package textcomp Info: Setting qcr sub-encoding to TS1/0 on input line 388.
Package textcomp Info: Setting qcs sub-encoding to TS1/0 on input line 389.
Package textcomp Info: Setting qpl sub-encoding to TS1/0 on input line 390.
Package textcomp Info: Setting qtm sub-encoding to TS1/0 on input line 391.
Package textcomp Info: Setting qzc sub-encoding to TS1/0 on input line 392.
Package textcomp Info: Setting qhvc sub-encoding to TS1/0 on input line 393.
Package textcomp Info: Setting futs sub-encoding to TS1/4 on input line 394.
Package textcomp Info: Setting futx sub-encoding to TS1/4 on input line 395.
Package textcomp Info: Setting futj sub-encoding to TS1/4 on input line 396.
Package textcomp Info: Setting hlh sub-encoding to TS1/3 on input line 397.
Package textcomp Info: Setting hls sub-encoding to TS1/3 on input line 398.
Package textcomp Info: Setting hlst sub-encoding to TS1/3 on input line 399.
Package textcomp Info: Setting hlct sub-encoding to TS1/5 on input line 400.
Package textcomp Info: Setting hlx sub-encoding to TS1/5 on input line 401.
Package textcomp Info: Setting hlce sub-encoding to TS1/5 on input line 402.
Package textcomp Info: Setting hlcn sub-encoding to TS1/5 on input line 403.
Package textcomp Info: Setting hlcw sub-encoding to TS1/5 on input line 404.
Package textcomp Info: Setting hlcf sub-encoding to TS1/5 on input line 405.
Package textcomp Info: Setting pplx sub-encoding to TS1/3 on input line 406.
Package textcomp Info: Setting pplj sub-encoding to TS1/3 on input line 407.
Package textcomp Info: Setting ptmx sub-encoding to TS1/4 on input line 408.
Package textcomp Info: Setting ptmj sub-encoding to TS1/4 on input line 409.
))
(/usr/local/texlive/2015/texmf-dist/tex/latex/base/fontenc.sty
Package: fontenc 2005/09/27 v1.99g Standard LaTeX package

(/usr/local/texlive/2015/texmf-dist/tex/latex/base/t1enc.def
File: t1enc.def 2005/09/27 v1.99g Standard LaTeX file
LaTeX Font Info:    Redeclaring font encoding T1 on input line 48.
))
(/usr/local/texlive/2015/texmf-dist/tex/latex/ae/ae.sty
Package: ae 2001/02/12 1.3 Almost European Computer Modern

(/usr/local/texlive/2015/texmf-dist/tex/latex/base/fontenc.sty
Package: fontenc 2005/09/27 v1.99g Standard LaTeX package

(/usr/local/texlive/2015/texmf-dist/tex/latex/base/t1enc.def
File: t1enc.def 2005/09/27 v1.99g Standard LaTeX file
LaTeX Font Info:    Redeclaring font encoding T1 on input line 48.
)
LaTeX Font Info:    Try loading font information for T1+aer on input line 105.

(/usr/local/texlive/2015/texmf-dist/tex/latex/ae/t1aer.fd
File: t1aer.fd 1997/11/16 Font definitions for T1/aer.
))))
(/usr/local/texlive/2015/texmf-dist/tex/latex/tools/tabularx.sty
Package: tabularx 2014/10/28 v2.10 `tabularx' package (DPC)

(/usr/local/texlive/2015/texmf-dist/tex/latex/tools/array.sty
Package: array 2014/10/28 v2.4c Tabular extension package (FMi)
\col@sep=\dimen105
\extrarowheight=\dimen106
\NC@list=\toks15
\extratabsurround=\skip43
\backup@length=\skip44
)
\TX@col@width=\dimen107
\TX@old@table=\dimen108
\TX@old@col=\dimen109
\TX@target=\dimen110
\TX@delta=\dimen111
\TX@cols=\count91
\TX@ftn=\toks16
)
(/usr/local/texlive/2015/texmf-dist/tex/latex/hyperref/hyperref.sty
Package: hyperref 2012/11/06 v6.83m Hypertext links for LaTeX

(/usr/local/texlive/2015/texmf-dist/tex/generic/oberdiek/hobsub-hyperref.sty
Package: hobsub-hyperref 2012/05/28 v1.13 Bundle oberdiek, subset hyperref (HO)


(/usr/local/texlive/2015/texmf-dist/tex/generic/oberdiek/hobsub-generic.sty
Package: hobsub-generic 2012/05/28 v1.13 Bundle oberdiek, subset generic (HO)
Package: hobsub 2012/05/28 v1.13 Construct package bundles (HO)
Package hobsub Info: Skipping package `infwarerr' (already loaded).
Package hobsub Info: Skipping package `ltxcmds' (already loaded).
Package: ifluatex 2010/03/01 v1.3 Provides the ifluatex switch (HO)
Package ifluatex Info: LuaTeX not detected.
Package: ifvtex 2010/03/01 v1.5 Detect VTeX and its facilities (HO)
Package ifvtex Info: VTeX not detected.
Package: intcalc 2007/09/27 v1.1 Expandable calculations with integers (HO)
Package: ifpdf 2011/01/30 v2.3 Provides the ifpdf switch (HO)
Package ifpdf Info: pdfTeX in PDF mode is detected.
Package: etexcmds 2011/02/16 v1.5 Avoid name clashes with e-TeX commands (HO)
Package etexcmds Info: Could not find \expanded.
(etexcmds)             That can mean that you are not using pdfTeX 1.50 or
(etexcmds)             that some package has redefined \expanded.
(etexcmds)             In the latter case, load this package earlier.
Package: kvsetkeys 2012/04/25 v1.16 Key value parser (HO)
Package: kvdefinekeys 2011/04/07 v1.3 Define keys (HO)
Package: pdftexcmds 2011/11/29 v0.20 Utility functions of pdfTeX for LuaTeX (HO
)
Package pdftexcmds Info: LuaTeX not detected.
Package pdftexcmds Info: \pdf@primitive is available.
Package pdftexcmds Info: \pdf@ifprimitive is available.
Package pdftexcmds Info: \pdfdraftmode found.
Package: pdfescape 2011/11/25 v1.13 Implements pdfTeX's escape features (HO)
Package: bigintcalc 2012/04/08 v1.3 Expandable calculations on big integers (HO
)
Package: bitset 2011/01/30 v1.1 Handle bit-vector datatype (HO)
Package: uniquecounter 2011/01/30 v1.2 Provide unlimited unique counter (HO)
)
Package hobsub Info: Skipping package `hobsub' (already loaded).
Package: letltxmacro 2010/09/02 v1.4 Let assignment for LaTeX macros (HO)
Package: hopatch 2012/05/28 v1.2 Wrapper for package hooks (HO)
Package: xcolor-patch 2011/01/30 xcolor patch
Package: atveryend 2011/06/30 v1.8 Hooks at the very end of document (HO)
Package atveryend Info: \enddocument detected (standard20110627).
Package: atbegshi 2011/10/05 v1.16 At begin shipout hook (HO)
Package: refcount 2011/10/16 v3.4 Data extraction from label references (HO)
Package: hycolor 2011/01/30 v1.7 Color options for hyperref/bookmark (HO)
)
(/usr/local/texlive/2015/texmf-dist/tex/generic/ifxetex/ifxetex.sty
Package: ifxetex 2010/09/12 v0.6 Provides ifxetex conditional
)
(/usr/local/texlive/2015/texmf-dist/tex/latex/oberdiek/auxhook.sty
Package: auxhook 2011/03/04 v1.3 Hooks for auxiliary files (HO)
)
(/usr/local/texlive/2015/texmf-dist/tex/latex/oberdiek/kvoptions.sty
Package: kvoptions 2011/06/30 v3.11 Key value format for package options (HO)
)
\@linkdim=\dimen112
\Hy@linkcounter=\count92
\Hy@pagecounter=\count93

(/usr/local/texlive/2015/texmf-dist/tex/latex/hyperref/pd1enc.def
File: pd1enc.def 2012/11/06 v6.83m Hyperref: PDFDocEncoding definition (HO)
)
\Hy@SavedSpaceFactor=\count94

(/usr/local/texlive/2015/texmf-dist/tex/latex/latexconfig/hyperref.cfg
File: hyperref.cfg 2002/06/06 v1.2 hyperref configuration of TeXLive
)
Package hyperref Info: Hyper figures OFF on input line 4443.
Package hyperref Info: Link nesting OFF on input line 4448.
Package hyperref Info: Hyper index ON on input line 4451.
Package hyperref Info: Plain pages OFF on input line 4458.
Package hyperref Info: Backreferencing OFF on input line 4463.
Package hyperref Info: Implicit mode ON; LaTeX internals redefined.
Package hyperref Info: Bookmarks ON on input line 4688.
\c@Hy@tempcnt=\count95

(/usr/local/texlive/2015/texmf-dist/tex/latex/url/url.sty
\Urlmuskip=\muskip10
Package: url 2013/09/16  ver 3.4  Verb mode for urls, etc.
)
LaTeX Info: Redefining \url on input line 5041.
\XeTeXLinkMargin=\dimen113
\Fld@menulength=\count96
\Field@Width=\dimen114
\Fld@charsize=\dimen115
Package hyperref Info: Hyper figures OFF on input line 6295.
Package hyperref Info: Link nesting OFF on input line 6300.
Package hyperref Info: Hyper index ON on input line 6303.
Package hyperref Info: backreferencing OFF on input line 6310.
Package hyperref Info: Link coloring OFF on input line 6315.
Package hyperref Info: Link coloring with OCG OFF on input line 6320.
Package hyperref Info: PDF/A mode OFF on input line 6325.
LaTeX Info: Redefining \ref on input line 6365.
LaTeX Info: Redefining \pageref on input line 6369.
\Hy@abspage=\count97
\c@Item=\count98
\c@Hfootnote=\count99
)

Package hyperref Message: Driver (autodetected): hpdftex.

(/usr/local/texlive/2015/texmf-dist/tex/latex/hyperref/hpdftex.def
File: hpdftex.def 2012/11/06 v6.83m Hyperref driver for pdfTeX
\Fld@listcount=\count100
\c@bookmark@seq@number=\count101

(/usr/local/texlive/2015/texmf-dist/tex/latex/oberdiek/rerunfilecheck.sty
Package: rerunfilecheck 2011/04/15 v1.7 Rerun checks for auxiliary files (HO)
Package uniquecounter Info: New unique counter `rerunfilecheck' on input line 2
82.
)
\Hy@SectionHShift=\skip45
)
(/usr/local/texlive/2015/texmf-dist/tex/latex/natbib/natbib.sty
Package: natbib 2010/09/13 8.31b (PWD, AO)
\bibhang=\skip46
\bibsep=\skip47
LaTeX Info: Redefining \cite on input line 694.
\c@NAT@ctr=\count102
)
(/usr/local/texlive/2015/texmf-dist/tex/latex/oberdiek/pdflscape.sty
Package: pdflscape 2008/08/11 v0.10 Display of landscape pages in PDF (HO)

(/usr/local/texlive/2015/texmf-dist/tex/latex/graphics/lscape.sty
Package: lscape 2000/10/22 v3.01 Landscape Pages (DPC)
)
Package pdflscape Info: Auto-detected driver: pdftex on input line 80.
)
(/usr/local/texlive/2015/texmf-dist/tex/latex/was/gensymb.sty
Package: gensymb 2003/07/02 v1.0 (WaS)
)
(/usr/local/texlive/2015/texmf-dist/tex/latex/caption/caption.sty
Package: caption 2013/05/02 v3.3-89 Customizing captions (AR)

(/usr/local/texlive/2015/texmf-dist/tex/latex/caption/caption3.sty
Package: caption3 2013/05/02 v1.6-88 caption3 kernel (AR)
Package caption3 Info: TeX engine: e-TeX on input line 57.
\captionmargin=\dimen116
\captionmargin@=\dimen117
\captionwidth=\dimen118
\caption@tempdima=\dimen119
\caption@indent=\dimen120
\caption@parindent=\dimen121
\caption@hangindent=\dimen122
)
\c@ContinuedFloat=\count103
Package caption Info: hyperref package is loaded.
)
(/usr/local/texlive/2015/texmf-dist/tex/latex/setspace/setspace.sty
Package: setspace 2011/12/19 v6.7a set line spacing
)
(./expwarm_effects_clim_sup.aux)
\openout1 = `expwarm_effects_clim_sup.aux'.

LaTeX Font Info:    Checking defaults for OML/cmm/m/it on input line 50.
LaTeX Font Info:    ... okay on input line 50.
LaTeX Font Info:    Checking defaults for T1/cmr/m/n on input line 50.
LaTeX Font Info:    ... okay on input line 50.
LaTeX Font Info:    Checking defaults for OT1/cmr/m/n on input line 50.
LaTeX Font Info:    ... okay on input line 50.
LaTeX Font Info:    Checking defaults for OMS/cmsy/m/n on input line 50.
LaTeX Font Info:    ... okay on input line 50.
LaTeX Font Info:    Checking defaults for OMX/cmex/m/n on input line 50.
LaTeX Font Info:    ... okay on input line 50.
LaTeX Font Info:    Checking defaults for U/cmr/m/n on input line 50.
LaTeX Font Info:    ... okay on input line 50.
LaTeX Font Info:    Checking defaults for TS1/cmr/m/n on input line 50.
LaTeX Font Info:    Try loading font information for TS1+cmr on input line 50.

(/usr/local/texlive/2015/texmf-dist/tex/latex/base/ts1cmr.fd
File: ts1cmr.fd 2014/09/29 v2.5h Standard LaTeX font definitions
)
LaTeX Font Info:    ... okay on input line 50.
LaTeX Font Info:    Checking defaults for PD1/pdf/m/n on input line 50.
LaTeX Font Info:    ... okay on input line 50.

(/usr/local/texlive/2015/texmf-dist/tex/context/base/supp-pdf.mkii
[Loading MPS to PDF converter (version 2006.09.02).]
\scratchcounter=\count104
\scratchdimen=\dimen123
\scratchbox=\box27
\nofMPsegments=\count105
\nofMParguments=\count106
\everyMPshowfont=\toks17
\MPscratchCnt=\count107
\MPscratchDim=\dimen124
\MPnumerator=\count108
\makeMPintoPDFobject=\count109
\everyMPtoPDFconversion=\toks18
) (/usr/local/texlive/2015/texmf-dist/tex/latex/oberdiek/epstopdf-base.sty
Package: epstopdf-base 2010/02/09 v2.5 Base part for package epstopdf

(/usr/local/texlive/2015/texmf-dist/tex/latex/oberdiek/grfext.sty
Package: grfext 2010/08/19 v1.1 Manage graphics extensions (HO)
)
Package grfext Info: Graphics extension search list:
(grfext)             [.png,.pdf,.jpg,.mps,.jpeg,.jbig2,.jb2,.PNG,.PDF,.JPG,.JPE
G,.JBIG2,.JB2,.eps]
(grfext)             \AppendGraphicsExtensions on input line 452.

(/usr/local/texlive/2015/texmf-dist/tex/latex/latexconfig/epstopdf-sys.cfg
File: epstopdf-sys.cfg 2010/07/13 v1.3 Configuration of (r)epstopdf for TeX Liv
e
))
\AtBeginShipoutBox=\box28
Package hyperref Info: Link coloring OFF on input line 50.

(/usr/local/texlive/2015/texmf-dist/tex/latex/hyperref/nameref.sty
Package: nameref 2012/10/27 v2.43 Cross-referencing by name of section

(/usr/local/texlive/2015/texmf-dist/tex/generic/oberdiek/gettitlestring.sty
Package: gettitlestring 2010/12/03 v1.4 Cleanup title references (HO)
)
\c@section@level=\count110
)
LaTeX Info: Redefining \ref on input line 50.
LaTeX Info: Redefining \pageref on input line 50.
LaTeX Info: Redefining \nameref on input line 50.

(./expwarm_effects_clim_sup.out) (./expwarm_effects_clim_sup.out)
\@outlinefile=\write4
\openout4 = `expwarm_effects_clim_sup.out'.

\symgns@font=\mathgroup4
LaTeX Font Info:    Overwriting symbol font `gns@font' in version `bold'
(Font)                  TS1/aer/m/n --> TS1/aer/bx/n on input line 50.
Package gensymb Info: Math companion symbols declared on input line 50.
LaTeX Info: Redefining \degree on input line 50.
LaTeX Info: Redefining \celsius on input line 50.
Package gensymb Info: Using text companion symbols for \degree, \celsius and \p
erthousand on input line 50.
LaTeX Info: Redefining \ohm on input line 50.
Package gensymb Info: Using \textohm for \ohm on input line 50.
Package gensymb Info: Using \textmu for \micro on input line 50.
Package caption Info: Begin \AtBeginDocument code.
Package caption Info: End \AtBeginDocument code.
LaTeX Font Info:    External font `cmex10' loaded for size
(Font)              <12> on input line 62.
LaTeX Font Info:    External font `cmex10' loaded for size
(Font)              <8> on input line 62.
LaTeX Font Info:    External font `cmex10' loaded for size
(Font)              <6> on input line 62.
LaTeX Font Info:    Try loading font information for TS1+aer on input line 62.

(/Library/Frameworks/R.framework/Resources/share/texmf/tex/latex/ts1aer.fd
File: ts1aer.fd 
)
LaTeX Font Info:    Font shape `TS1/aer/m/n' in size <12> not available
(Font)              Font shape `TS1/cmr/m/n' tried instead on input line 62.
LaTeX Font Info:    Font shape `TS1/aer/m/n' in size <8> not available
(Font)              Font shape `TS1/cmr/m/n' tried instead on input line 62.
LaTeX Font Info:    Font shape `TS1/aer/m/n' in size <6> not available
(Font)              Font shape `TS1/cmr/m/n' tried instead on input line 62.

Overfull \hbox (2.61281pt too wide) in paragraph at lines 62--62
 [][] 
 []

[1

{/usr/local/texlive/2015/texmf-var/fonts/map/pdftex/updmap/pdftex.map}]
LaTeX Font Info:    Font shape `TS1/aer/m/n' in size <10> not available
(Font)              Font shape `TS1/cmr/m/n' tried instead on input line 86.

(./expwarm_effects_clim_sup.bbl [2])
LaTeX Font Info:    External font `cmex10' loaded for size
(Font)              <5> on input line 94.
LaTeX Font Info:    Font shape `TS1/aer/m/n' in size <5> not available
(Font)              Font shape `TS1/cmr/m/n' tried instead on input line 94.

Underfull \hbox (badness 10000) in paragraph at lines 97--97
[]|[]\T1/aer/m/n/8 Hoeppner and Dukes[]
 []

[3] [4]
LaTeX Font Info:    Font shape `TS1/aer/m/n' in size <9> not available
(Font)              Font shape `TS1/cmr/m/n' tried instead on input line 128.

Underfull \hbox (badness 10000) in paragraph at lines 133--133
[]|\T1/aer/m/n/8 warming treat-
 []


Underfull \hbox (badness 10000) in paragraph at lines 133--133
[]|\T1/aer/m/n/8 precipitation
 []


Underfull \hbox (badness 10000) in paragraph at lines 133--133
[]|\T1/aer/m/n/8 above-ground
 []


Underfull \hbox (badness 5460) in paragraph at lines 133--133
[]|\T1/aer/m/n/8 soil tem-per-a-ture
 []


Underfull \hbox (badness 3471) in paragraph at lines 133--134
[]|\T1/aer/m/n/8 soil mois-ture
 []

[5

]

Package array Warning: Column L is already defined on input line 153.


Package array Warning: Column C is already defined on input line 155.


Package array Warning: Column R is already defined on input line 157.


Package array Warning: Column P is already defined on input line 159.

LaTeX Font Info:    External font `cmex10' loaded for size
(Font)              <9> on input line 164.

Overfull \hbox (2.59418pt too wide) in paragraph at lines 187--187
[]|\T1/aer/m/n/8 df| 
 []


Overfull \hbox (3.7781pt too wide) in paragraph at lines 192--192
[]|\T1/aer/m/n/8 11| 
 []


Overfull \hbox (2.59418pt too wide) in paragraph at lines 206--206
[]|\T1/aer/m/n/8 df| 
 []

[6

] [7] [8

] [9]
Overfull \hbox (6.60521pt too wide) in paragraph at lines 283--283
[]|\T1/aer/m/n/8 mon| 
 []


Overfull \hbox (0.94336pt too wide) in paragraph at lines 285--285
[]|\T1/aer/m/n/8 1.25| 
 []


Overfull \hbox (0.94336pt too wide) in paragraph at lines 285--285
[]|\T1/aer/m/n/8 1.21| 
 []


Overfull \hbox (0.94336pt too wide) in paragraph at lines 285--285
[]|\T1/aer/m/n/8 1.65| 
 []


Overfull \hbox (2.35655pt too wide) in paragraph at lines 285--286
[]|\T1/aer/m/n/8 <0.001| 
 []


Overfull \hbox (0.94336pt too wide) in paragraph at lines 286--286
[]|\T1/aer/m/n/8 0.23| 
 []


Overfull \hbox (0.94336pt too wide) in paragraph at lines 286--286
[]|\T1/aer/m/n/8 0.50| 
 []


Overfull \hbox (0.94336pt too wide) in paragraph at lines 286--286
[]|\T1/aer/m/n/8 0.09| 
 []


Overfull \hbox (0.94336pt too wide) in paragraph at lines 288--288
[]|\T1/aer/m/n/8 1.44| 
 []


Overfull \hbox (2.35655pt too wide) in paragraph at lines 288--288
[]|\T1/aer/m/n/8 <0.001| 
 []


Overfull \hbox (0.94336pt too wide) in paragraph at lines 288--288
[]|\T1/aer/m/n/8 1.26| 
 []


Overfull \hbox (0.94336pt too wide) in paragraph at lines 288--288
[]|\T1/aer/m/n/8 1.92| 
 []


Overfull \hbox (0.94336pt too wide) in paragraph at lines 289--289
[]|\T1/aer/m/n/8 0.12| 
 []


Overfull \hbox (0.94336pt too wide) in paragraph at lines 289--289
[]|\T1/aer/m/n/8 0.37| 
 []


Overfull \hbox (0.94336pt too wide) in paragraph at lines 289--289
[]|\T1/aer/m/n/8 0.29| 
 []


Overfull \hbox (0.94336pt too wide) in paragraph at lines 291--291
[]|\T1/aer/m/n/8 1.78| 
 []


Overfull \hbox (0.94336pt too wide) in paragraph at lines 291--291
[]|\T1/aer/m/n/8 1.58| 
 []


Overfull \hbox (0.94336pt too wide) in paragraph at lines 291--291
[]|\T1/aer/m/n/8 2.04| 
 []


Overfull \hbox (0.94336pt too wide) in paragraph at lines 292--292
[]|\T1/aer/m/n/8 0.17| 
 []


Overfull \hbox (0.94336pt too wide) in paragraph at lines 292--292
[]|\T1/aer/m/n/8 0.23| 
 []


Overfull \hbox (0.94336pt too wide) in paragraph at lines 292--292
[]|\T1/aer/m/n/8 0.52| 
 []


Overfull \hbox (0.94336pt too wide) in paragraph at lines 294--294
[]|\T1/aer/m/n/8 1.85| 
 []


Overfull \hbox (0.94336pt too wide) in paragraph at lines 294--294
[]|\T1/aer/m/n/8 1.98| 
 []


Overfull \hbox (0.94336pt too wide) in paragraph at lines 294--294
[]|\T1/aer/m/n/8 1.80| 
 []


Overfull \hbox (0.94336pt too wide) in paragraph at lines 295--295
[]|\T1/aer/m/n/8 0.23| 
 []


Overfull \hbox (0.94336pt too wide) in paragraph at lines 295--295
[]|\T1/aer/m/n/8 0.20| 
 []


Overfull \hbox (0.94336pt too wide) in paragraph at lines 295--295
[]|\T1/aer/m/n/8 0.65| 
 []


Overfull \hbox (0.94336pt too wide) in paragraph at lines 297--297
[]|\T1/aer/m/n/8 1.37| 
 []


Overfull \hbox (0.94336pt too wide) in paragraph at lines 297--297
[]|\T1/aer/m/n/8 1.54| 
 []


Overfull \hbox (0.94336pt too wide) in paragraph at lines 297--297
[]|\T1/aer/m/n/8 1.41| 
 []


Overfull \hbox (0.94336pt too wide) in paragraph at lines 298--298
[]|\T1/aer/m/n/8 0.16| 
 []


Overfull \hbox (0.94336pt too wide) in paragraph at lines 298--298
[]|\T1/aer/m/n/8 0.12| 
 []


Overfull \hbox (0.94336pt too wide) in paragraph at lines 298--298
[]|\T1/aer/m/n/8 0.42| 
 []


Overfull \hbox (0.94336pt too wide) in paragraph at lines 300--300
[]|\T1/aer/m/n/8 1.58| 
 []


Overfull \hbox (0.94336pt too wide) in paragraph at lines 300--300
[]|\T1/aer/m/n/8 1.57| 
 []


Overfull \hbox (0.94336pt too wide) in paragraph at lines 300--300
[]|\T1/aer/m/n/8 1.78| 
 []


Overfull \hbox (0.94336pt too wide) in paragraph at lines 301--301
[]|\T1/aer/m/n/8 0.20| 
 []


Overfull \hbox (0.94336pt too wide) in paragraph at lines 301--301
[]|\T1/aer/m/n/8 0.16| 
 []


Overfull \hbox (0.94336pt too wide) in paragraph at lines 301--301
[]|\T1/aer/m/n/8 0.47| 
 []


Overfull \hbox (0.94336pt too wide) in paragraph at lines 303--303
[]|\T1/aer/m/n/8 1.33| 
 []


Overfull \hbox (0.94336pt too wide) in paragraph at lines 303--303
[]|\T1/aer/m/n/8 1.34| 
 []


Overfull \hbox (0.94336pt too wide) in paragraph at lines 303--303
[]|\T1/aer/m/n/8 1.46| 
 []


Overfull \hbox (0.94336pt too wide) in paragraph at lines 304--304
[]|\T1/aer/m/n/8 0.28| 
 []


Overfull \hbox (0.94336pt too wide) in paragraph at lines 304--304
[]|\T1/aer/m/n/8 0.18| 
 []


Overfull \hbox (0.94336pt too wide) in paragraph at lines 304--304
[]|\T1/aer/m/n/8 0.61| 
 []


Overfull \hbox (0.94336pt too wide) in paragraph at lines 306--306
[]|\T1/aer/m/n/8 1.20| 
 []


Overfull \hbox (0.94336pt too wide) in paragraph at lines 306--306
[]|\T1/aer/m/n/8 1.29| 
 []


Overfull \hbox (0.94336pt too wide) in paragraph at lines 306--306
[]|\T1/aer/m/n/8 1.42| 
 []


Overfull \hbox (0.94336pt too wide) in paragraph at lines 307--307
[]|\T1/aer/m/n/8 0.16| 
 []


Overfull \hbox (0.94336pt too wide) in paragraph at lines 307--307
[]|\T1/aer/m/n/8 0.17| 
 []


Overfull \hbox (0.94336pt too wide) in paragraph at lines 307--307
[]|\T1/aer/m/n/8 0.30| 
 []


Overfull \hbox (0.94336pt too wide) in paragraph at lines 309--309
[]|\T1/aer/m/n/8 1.24| 
 []


Overfull \hbox (0.94336pt too wide) in paragraph at lines 309--309
[]|\T1/aer/m/n/8 1.36| 
 []


Overfull \hbox (0.94336pt too wide) in paragraph at lines 309--309
[]|\T1/aer/m/n/8 1.43| 
 []


Overfull \hbox (0.94336pt too wide) in paragraph at lines 310--310
[]|\T1/aer/m/n/8 0.11| 
 []


Overfull \hbox (0.94336pt too wide) in paragraph at lines 310--310
[]|\T1/aer/m/n/8 0.27| 
 []


Overfull \hbox (0.94336pt too wide) in paragraph at lines 310--310
[]|\T1/aer/m/n/8 0.31| 
 []


Overfull \hbox (0.94336pt too wide) in paragraph at lines 312--312
[]|\T1/aer/m/n/8 1.22| 
 []


Overfull \hbox (0.94336pt too wide) in paragraph at lines 312--312
[]|\T1/aer/m/n/8 1.24| 
 []


Overfull \hbox (0.94336pt too wide) in paragraph at lines 312--312
[]|\T1/aer/m/n/8 1.39| 
 []


Overfull \hbox (0.94336pt too wide) in paragraph at lines 313--313
[]|\T1/aer/m/n/8 0.13| 
 []


Overfull \hbox (0.94336pt too wide) in paragraph at lines 313--313
[]|\T1/aer/m/n/8 0.48| 
 []


Overfull \hbox (0.94336pt too wide) in paragraph at lines 313--313
[]|\T1/aer/m/n/8 0.16| 
 []


Overfull \hbox (0.94336pt too wide) in paragraph at lines 315--315
[]|\T1/aer/m/n/8 1.13| 
 []


Overfull \hbox (0.94336pt too wide) in paragraph at lines 315--315
[]|\T1/aer/m/n/8 1.23| 
 []


Overfull \hbox (0.94336pt too wide) in paragraph at lines 315--315
[]|\T1/aer/m/n/8 1.43| 
 []


Overfull \hbox (0.94336pt too wide) in paragraph at lines 316--316
[]|\T1/aer/m/n/8 0.24| 
 []


Overfull \hbox (0.94336pt too wide) in paragraph at lines 316--316
[]|\T1/aer/m/n/8 0.57| 
 []


Overfull \hbox (0.94336pt too wide) in paragraph at lines 316--316
[]|\T1/aer/m/n/8 0.16| 
 []


Overfull \hbox (0.94336pt too wide) in paragraph at lines 318--318
[]|\T1/aer/m/n/8 1.21| 
 []


Overfull \hbox (0.94336pt too wide) in paragraph at lines 318--318
[]|\T1/aer/m/n/8 1.24| 
 []


Overfull \hbox (0.94336pt too wide) in paragraph at lines 318--318
[]|\T1/aer/m/n/8 1.53| 
 []


Overfull \hbox (0.94336pt too wide) in paragraph at lines 319--319
[]|\T1/aer/m/n/8 0.24| 
 []


Overfull \hbox (0.94336pt too wide) in paragraph at lines 319--319
[]|\T1/aer/m/n/8 0.49| 
 []


Overfull \hbox (0.94336pt too wide) in paragraph at lines 319--319
[]|\T1/aer/m/n/8 0.12| 
 []

[10

]
Overfull \hbox (1.88748pt too wide) in paragraph at lines 336--336
[]|\T1/aer/m/n/8 mon| 
 []

[11

]
Overfull \hbox (1.88748pt too wide) in paragraph at lines 388--388
[]|\T1/aer/m/n/8 mon| 
 []

[12

]
Package atveryend Info: Empty hook `BeforeClearDocument' on input line 467.
 [13

]
Package atveryend Info: Empty hook `AfterLastShipout' on input line 467.
 (./expwarm_effects_clim_sup.aux)
Package atveryend Info: Executing hook `AtVeryEndDocument' on input line 467.
Package atveryend Info: Executing hook `AtEndAfterFileList' on input line 467.
Package rerunfilecheck Info: File `expwarm_effects_clim_sup.out' has not change
d.
(rerunfilecheck)             Checksum: D41D8CD98F00B204E9800998ECF8427E;0.
Package atveryend Info: Empty hook `AtVeryVeryEnd' on input line 467.
 ) 
Here is how much of TeX's memory you used:
 7887 strings out of 493089
 119978 string characters out of 6134842
 242408 words of memory out of 5000000
 11193 multiletter control sequences out of 15000+600000
 32978 words of font info for 71 fonts, out of 8000000 for 9000
 1141 hyphenation exceptions out of 8191
 36i,11n,38p,1218b,414s stack positions out of 5000i,500n,10000p,200000b,80000s
{/usr/local/texlive/2015/texmf-dist/fonts/enc/dvips/cm-super/cm-super-ts1.enc
}</usr/local/texlive/2015/texmf-dist/fonts/type1/public/amsfonts/cm/cmbx12.pfb>
</usr/local/texlive/2015/texmf-dist/fonts/type1/public/amsfonts/cm/cmbx9.pfb></
usr/local/texlive/2015/texmf-dist/fonts/type1/public/amsfonts/cm/cmmi8.pfb></us
r/local/texlive/2015/texmf-dist/fonts/type1/public/amsfonts/cm/cmmi9.pfb></usr/
local/texlive/2015/texmf-dist/fonts/type1/public/amsfonts/cm/cmr10.pfb></usr/lo
cal/texlive/2015/texmf-dist/fonts/type1/public/amsfonts/cm/cmr12.pfb></usr/loca
l/texlive/2015/texmf-dist/fonts/type1/public/amsfonts/cm/cmr17.pfb></usr/local/
texlive/2015/texmf-dist/fonts/type1/public/amsfonts/cm/cmr6.pfb></usr/local/tex
live/2015/texmf-dist/fonts/type1/public/amsfonts/cm/cmr8.pfb></usr/local/texliv
e/2015/texmf-dist/fonts/type1/public/amsfonts/cm/cmr9.pfb></usr/local/texlive/2
015/texmf-dist/fonts/type1/public/cm-super/sfrm0900.pfb></usr/local/texlive/201
5/texmf-dist/fonts/type1/public/cm-super/sfrm1000.pfb>
Output written on expwarm_effects_clim_sup.pdf (13 pages, 176647 bytes).
PDF statistics:
 221 PDF objects out of 1000 (max. 8388607)
 192 compressed objects within 2 object streams
 50 named destinations out of 1000 (max. 500000)
 1 words of extra memory for PDF output out of 10000 (max. 10000000)

